[2023-09-07 12:21:31] Текст ошибки: Возникла ошибка | Файл: D:\OSPanel\domains\new-ishop.loc\public\index.php | Строка: 28
=================
[2023-09-07 12:23:28] Текст ошибки: Возникла ошибка | Файл: D:\OSPanel\domains\new-ishop.loc\public\index.php | Строка: 28
=================
[2023-09-07 12:24:32] Текст ошибки: Возникла ошибка | Файл: D:\OSPanel\domains\new-ishop.loc\public\index.php | Строка: 28
=================
[2023-09-07 12:26:49] Текст ошибки: Возникла ошибка | Файл: D:\OSPanel\domains\new-ishop.loc\public\index.php | Строка: 28
=================
[2023-09-07 12:26:50] Текст ошибки: Возникла ошибка | Файл: D:\OSPanel\domains\new-ishop.loc\public\index.php | Строка: 28
=================
[2023-09-07 12:26:50] Текст ошибки: Возникла ошибка | Файл: D:\OSPanel\domains\new-ishop.loc\public\index.php | Строка: 28
=================
[2023-09-07 12:26:50] Текст ошибки: Возникла ошибка | Файл: D:\OSPanel\domains\new-ishop.loc\public\index.php | Строка: 28
=================
[2023-09-07 12:26:51] Текст ошибки: Возникла ошибка | Файл: D:\OSPanel\domains\new-ishop.loc\public\index.php | Строка: 28
=================
[2023-09-07 12:31:43] Текст ошибки: Undefined variable $test | Файл: D:\OSPanel\domains\new-ishop.loc\public\index.php | Строка: 30
=================
[2023-09-07 12:33:39] Текст ошибки: Undefined variable $test | Файл: D:\OSPanel\domains\new-ishop.loc\public\index.php | Строка: 30
=================
[2023-09-07 12:33:40] Текст ошибки: Undefined variable $test | Файл: D:\OSPanel\domains\new-ishop.loc\public\index.php | Строка: 30
=================
[2023-09-07 12:33:44] Текст ошибки: Undefined variable $test | Файл: D:\OSPanel\domains\new-ishop.loc\public\index.php | Строка: 30
=================
[2023-09-07 12:33:45] Текст ошибки: Undefined variable $test | Файл: D:\OSPanel\domains\new-ishop.loc\public\index.php | Строка: 30
=================
[2023-09-07 12:33:46] Текст ошибки: Undefined variable $test | Файл: D:\OSPanel\domains\new-ishop.loc\public\index.php | Строка: 30
=================
[2023-09-07 12:33:46] Текст ошибки: Undefined variable $test | Файл: D:\OSPanel\domains\new-ishop.loc\public\index.php | Строка: 30
=================
[2023-09-07 12:33:46] Текст ошибки: Undefined variable $test | Файл: D:\OSPanel\domains\new-ishop.loc\public\index.php | Строка: 30
=================
[2023-09-07 12:33:46] Текст ошибки: Undefined variable $test | Файл: D:\OSPanel\domains\new-ishop.loc\public\index.php | Строка: 30
=================
[2023-09-07 12:34:19] Текст ошибки: Возникла ошибка | Файл: D:\OSPanel\domains\new-ishop.loc\public\index.php | Строка: 28
=================
[2023-09-07 12:34:27] Текст ошибки: Возникла ошибка | Файл: D:\OSPanel\domains\new-ishop.loc\public\index.php | Строка: 28
=================
[2023-09-07 12:34:27] Текст ошибки: Возникла ошибка | Файл: D:\OSPanel\domains\new-ishop.loc\public\index.php | Строка: 28
=================
[2023-09-07 12:34:28] Текст ошибки: Возникла ошибка | Файл: D:\OSPanel\domains\new-ishop.loc\public\index.php | Строка: 28
=================
[2023-09-07 12:34:29] Текст ошибки: Возникла ошибка | Файл: D:\OSPanel\domains\new-ishop.loc\public\index.php | Строка: 28
=================
[2023-09-07 12:34:30] Текст ошибки: Возникла ошибка | Файл: D:\OSPanel\domains\new-ishop.loc\public\index.php | Строка: 28
=================
[2023-09-07 12:34:30] Текст ошибки: Возникла ошибка | Файл: D:\OSPanel\domains\new-ishop.loc\public\index.php | Строка: 28
=================
[2023-09-07 12:34:30] Текст ошибки: Возникла ошибка | Файл: D:\OSPanel\domains\new-ishop.loc\public\index.php | Строка: 28
=================
[2023-09-07 12:34:30] Текст ошибки: Возникла ошибка | Файл: D:\OSPanel\domains\new-ishop.loc\public\index.php | Строка: 28
=================
[2023-09-07 12:35:38] Текст ошибки: Возникла ошибка | Файл: D:\OSPanel\domains\new-ishop.loc\public\index.php | Строка: 28
=================
[2023-09-07 12:36:00] Текст ошибки: Возникла ошибка | Файл: D:\OSPanel\domains\new-ishop.loc\public\index.php | Строка: 28
=================
[2023-09-08 12:59:05] Текст ошибки: Контроллер app\controllers\admin\MainController не найден! | Файл: D:\OSPanel\domains\new-ishop.loc\vendor\wfm\Router.php | Строка: 47
=================
[2023-09-08 13:50:36] Текст ошибки: Контроллер app\controllers\MainController не найден! | Файл: D:\OSPanel\domains\new-ishop.loc\vendor\wfm\Router.php | Строка: 53
=================
[2023-09-08 13:51:40] Текст ошибки: Контроллер app\controllers\MainController не найден! | Файл: D:\OSPanel\domains\new-ishop.loc\vendor\wfm\Router.php | Строка: 53
=================
[2023-09-08 13:51:41] Текст ошибки: Контроллер app\controllers\MainController не найден! | Файл: D:\OSPanel\domains\new-ishop.loc\vendor\wfm\Router.php | Строка: 53
=================
[2023-09-08 13:51:42] Текст ошибки: Контроллер app\controllers\MainController не найден! | Файл: D:\OSPanel\domains\new-ishop.loc\vendor\wfm\Router.php | Строка: 53
=================
[2023-09-08 13:52:41] Текст ошибки: Метод app\controllers\MainController::indexAction не найден! | Файл: D:\OSPanel\domains\new-ishop.loc\vendor\wfm\Router.php | Строка: 49
=================
[2023-09-08 14:02:18] Текст ошибки: Страница не найдена! | Файл: D:\OSPanel\domains\new-ishop.loc\vendor\wfm\Router.php | Строка: 57
=================
[2023-09-08 14:02:25] Текст ошибки: Контроллер app\controllers\PageController не найден! | Файл: D:\OSPanel\domains\new-ishop.loc\vendor\wfm\Router.php | Строка: 53
=================
[2023-09-08 14:03:20] Текст ошибки: Метод app\controllers\PageController::viewAction не найден! | Файл: D:\OSPanel\domains\new-ishop.loc\vendor\wfm\Router.php | Строка: 49
=================
[2023-09-08 14:05:17] Текст ошибки: Контроллер app\controllers\admin\MainController не найден! | Файл: D:\OSPanel\domains\new-ishop.loc\vendor\wfm\Router.php | Строка: 53
=================
[2023-09-08 14:06:52] Текст ошибки: Метод app\controllers\admin\MainController::indexAction не найден! | Файл: D:\OSPanel\domains\new-ishop.loc\vendor\wfm\Router.php | Строка: 49
=================
